2013.03.20 18:59 B C:\Documents and Settings\Administrator\My Documents\Dropbox\Files\Web\Haystak\css\themes\default\images\ajax-loader.gif <-- cubey /www/AppTBD/css/themes/default/images ajax-loader.gif
2013.03.20 18:59 B C:\Documents and Settings\Administrator\My Documents\Dropbox\Files\Web\Haystak\css\themes\default\images\ajax-loader.png <-- cubey /www/AppTBD/css/themes/default/images ajax-loader.png
2013.03.20 18:59 B C:\Documents and Settings\Administrator\My Documents\Dropbox\Files\Web\Haystak\css\themes\default\images\icons-18-black.png <-- cubey /www/AppTBD/css/themes/default/images icons-18-black.png
2013.03.20 18:59 B C:\Documents and Settings\Administrator\My Documents\Dropbox\Files\Web\Haystak\css\themes\default\images\icons-18-white.png <-- cubey /www/AppTBD/css/themes/default/images icons-18-white.png
2013.03.20 18:59 B C:\Documents and Settings\Administrator\My Documents\Dropbox\Files\Web\Haystak\css\themes\default\images\icons-36-black.png <-- cubey /www/AppTBD/css/themes/default/images icons-36-black.png
2013.03.20 20:22 B C:\Documents and Settings\Administrator\My Documents\Dropbox\Files\Web\Haystak\css\themes\default\images\ajax-loader.gif --> cubey.s2012s.com /www/Haystak/css/themes/default/images ajax-loader.gif
2013.03.20 20:22 B C:\Documents and Settings\Administrator\My Documents\Dropbox\Files\Web\Haystak\css\themes\default\images\ajax-loader.png --> cubey.s2012s.com /www/Haystak/css/themes/default/images ajax-loader.png
2013.03.20 20:22 B C:\Documents and Settings\Administrator\My Documents\Dropbox\Files\Web\Haystak\css\themes\default\images\icons-18-black.png --> cubey.s2012s.com /www/Haystak/css/themes/default/images icons-18-black.png
2013.03.20 20:22 B C:\Documents and Settings\Administrator\My Documents\Dropbox\Files\Web\Haystak\css\themes\default\images\icons-18-white.png --> cubey.s2012s.com /www/Haystak/css/themes/default/images icons-18-white.png
2013.03.20 20:22 B C:\Documents and Settings\Administrator\My Documents\Dropbox\Files\Web\Haystak\css\themes\default\images\icons-36-black.png --> cubey.s2012s.com /www/Haystak/css/themes/default/images icons-36-black.png
2013.03.20 20:22 B C:\Documents and Settings\Administrator\My Documents\Dropbox\Files\Web\Haystak\css\themes\default\images\icons-36-white.png --> cubey.s2012s.com /www/Haystak/css/themes/default/images icons-36-white.png
2013.03.20 20:22 B C:\Documents and Settings\Administrator\My Documents\Dropbox\Files\Web\Haystak\css\themes\default\images\Thumbs.db --> cubey.s2012s.com /www/Haystak/css/themes/default/images Thumbs.db
2013.03.20 20:22 B C:\Documents and Settings\Administrator\My Documents\Dropbox\Files\Web\Haystak\css\themes\default\images\WS_FTP (coffeebean's conflicted copy 2013-03-20).LOG --> cubey.s2012s.com /www/Haystak/css/themes/default/images WS_FTP (coffeebean's conflicted copy 2013-03-20).LOG
2013.03.20 20:22 B C:\Documents and Settings\Administrator\My Documents\Dropbox\Files\Web\Haystak\css\themes\default\images\WS_FTP.LOG --> cubey.s2012s.com /www/Haystak/css/themes/default/images WS_FTP.LOG
2013.03.20 20:40 B C:\Documents and Settings\Administrator\My Documents\Dropbox\Files\Web\Haystak\css\themes\default\images\ajax-loader.gif --> s38101.gridserver.com /Haystak/css/themes/default/images ajax-loader.gif
2013.03.20 20:40 B C:\Documents and Settings\Administrator\My Documents\Dropbox\Files\Web\Haystak\css\themes\default\images\ajax-loader.png --> s38101.gridserver.com /Haystak/css/themes/default/images ajax-loader.png
2013.03.20 20:40 B C:\Documents and Settings\Administrator\My Documents\Dropbox\Files\Web\Haystak\css\themes\default\images\icons-18-black.png --> s38101.gridserver.com /Haystak/css/themes/default/images icons-18-black.png
2013.03.20 20:40 B C:\Documents and Settings\Administrator\My Documents\Dropbox\Files\Web\Haystak\css\themes\default\images\icons-18-white.png --> s38101.gridserver.com /Haystak/css/themes/default/images icons-18-white.png
2013.03.20 20:40 B C:\Documents and Settings\Administrator\My Documents\Dropbox\Files\Web\Haystak\css\themes\default\images\icons-36-black.png --> s38101.gridserver.com /Haystak/css/themes/default/images icons-36-black.png
2013.03.20 20:40 B C:\Documents and Settings\Administrator\My Documents\Dropbox\Files\Web\Haystak\css\themes\default\images\icons-36-white.png --> s38101.gridserver.com /Haystak/css/themes/default/images icons-36-white.png
2013.03.20 20:40 B C:\Documents and Settings\Administrator\My Documents\Dropbox\Files\Web\Haystak\css\themes\default\images\Thumbs.db --> s38101.gridserver.com /Haystak/css/themes/default/images Thumbs.db
2013.03.20 20:40 B C:\Documents and Settings\Administrator\My Documents\Dropbox\Files\Web\Haystak\css\themes\default\images\WS_FTP (coffeebean's conflicted copy 2013-03-20).LOG --> s38101.gridserver.com /Haystak/css/themes/default/images WS_FTP (coffeebean's conflicted copy 2013-03-20).LOG
2013.03.20 20:40 B C:\Documents and Settings\Administrator\My Documents\Dropbox\Files\Web\Haystak\css\themes\default\images\WS_FTP.LOG --> s38101.gridserver.com /Haystak/css/themes/default/images WS_FTP.LOG
